mktextfm phvr7t
mktextfm phvr7t
mktextfm phvr7t
mktextfm phvr8t
mktextfm phvr8t
mktextfm phvr8t
mktextfm phvr8t
mktextfm ptmb8t
mktextfm ptmb8t
mktextfm ptmbc8t
mktextfm ptmbo8t
mktextfm phvr7t
mktextfm phvr7t
mktextfm phvrc7t
mktextfm phvro7t
mktextfm nullfont
mktextfm phvr7t
mktextfm phvr7t
mktextfm phvr7t
mktextfm phvr8t
mktextfm phvr8t
mktextfm phvr8t
mktextfm phvr8t
mktextfm ptmb8t
mktextfm ptmb8t
mktextfm ptmbc8t
mktextfm ptmbo8t
mktextfm phvr7t
mktextfm phvr7t
mktextfm phvb7t
mktextfm nullfont
mktextfm phvrc7t
mktextfm phvro7t
mktextfm nullfont
